# JRE version: OpenJDK Runtime Environment Temurin-21.0.10+7 (21.0.10+7) (build 21.0.10+7-LTS)
# Java VM: OpenJDK 64-Bit Server VM Temurin-21.0.10+7 (21.0.10+7-LTS, mixed mode, sharing, tiered, compressed oops, compressed class ptrs, parallel gc, windows-amd64)
GC Precious Log:
 CardTable entry size: 512
 CPUs: 12 total, 12 available
 Memory: 7472M
 Large Page Support: Disabled
 NUMA Support: Disabled
 Compressed Oops: Enabled (32-bit)
 Alignments: Space 512K, Generation 512K, Heap 2M
 Heap Min Capacity: 100M
 Heap Initial Capacity: 100M
 Heap Max Capacity: 2G
 Pre-touch: Disabled
 Parallel Workers: 10
Heap:
 PSYoungGen      total 4608K, used 1125K [0x00000000d5580000, 0x00000000d5d80000, 0x0000000100000000)
  eden space 3584K, 2% used [0x00000000d5580000,0x00000000d55997c0,0x00000000d5900000)
  from space 1024K, 100% used [0x00000000d5c00000,0x00000000d5d00000,0x00000000d5d00000)
  to   space 512K, 0% used [0x00000000d5d00000,0x00000000d5d00000,0x00000000d5d80000)
 ParOldGen       total 1200640K, used 1111756K [0x0000000080000000, 0x00000000c9480000, 0x00000000d5580000)
  object space 1200640K, 92% used [0x0000000080000000,0x00000000c3db3288,0x00000000c9480000)
 Metaspace       used 92009K, committed 93824K, reserved 1179648K
  class space    used 9282K, committed 10112K, reserved 1048576K
GC Heap History (20 events):
Event: 1615.339 GC heap before
{Heap before GC invocations=2887 (full 5):
 PSYoungGen      total 6144K, used 3871K [0x00000000d5580000, 0x00000000d5f80000, 0x0000000100000000)
  eden space 3584K, 99% used [0x00000000d5580000,0x00000000d58fffe8,0x00000000d5900000)
  from space 2560K, 11% used [0x00000000d5b00000,0x00000000d5b48000,0x00000000d5d80000)
  to   space 1024K, 0% used [0x00000000d5e80000,0x00000000d5e80000,0x00000000d5f80000)
 ParOldGen       total 1200640K, used 1107178K [0x0000000080000000, 0x00000000c9480000, 0x00000000d5580000)
  object space 1200640K, 92% used [0x0000000080000000,0x00000000c393aad0,0x00000000c9480000)
 Metaspace       used 92004K, committed 93824K, reserved 1179648K
  class space    used 9282K, committed 10112K, reserved 1048576K
}
Event: 1615.341 GC heap after
{Heap after GC invocations=2887 (full 5):
 PSYoungGen      total 4608K, used 544K [0x00000000d5580000, 0x00000000d5f80000, 0x0000000100000000)
  eden space 3584K, 0% used [0x00000000d5580000,0x00000000d5580000,0x00000000d5900000)
  from space 1024K, 53% used [0x00000000d5e80000,0x00000000d5f08000,0x00000000d5f80000)
  to   space 1024K, 0% used [0x00000000d5d80000,0x00000000d5d80000,0x00000000d5e80000)
 ParOldGen       total 1200640K, used 1107280K [0x0000000080000000, 0x00000000c9480000, 0x00000000d5580000)
  object space 1200640K, 92% used [0x0000000080000000,0x00000000c3954090,0x00000000c9480000)
 Metaspace       used 92004K, committed 93824K, reserved 1179648K
  class space    used 9282K, committed 10112K, reserved 1048576K
}
Event: 1615.509 GC heap before
{Heap before GC invocations=2888 (full 5):
 PSYoungGen      total 4608K, used 4127K [0x00000000d5580000, 0x00000000d5f80000, 0x0000000100000000)
  eden space 3584K, 99% used [0x00000000d5580000,0x00000000d58fffe8,0x00000000d5900000)
  from space 1024K, 53% used [0x00000000d5e80000,0x00000000d5f08000,0x00000000d5f80000)
  to   space 1024K, 0% used [0x00000000d5d80000,0x00000000d5d80000,0x00000000d5e80000)
 ParOldGen       total 1200640K, used 1107280K [0x0000000080000000, 0x00000000c9480000, 0x00000000d5580000)
  object space 1200640K, 92% used [0x0000000080000000,0x00000000c3954090,0x00000000c9480000)
 Metaspace       used 92004K, committed 93824K, reserved 1179648K
  class space    used 9282K, committed 10112K, reserved 1048576K
}
Event: 1615.511 GC heap after
{Heap after GC invocations=2888 (full 5):
 PSYoungGen      total 4608K, used 832K [0x00000000d5580000, 0x00000000d5f00000, 0x0000000100000000)
  eden space 3584K, 0% used [0x00000000d5580000,0x00000000d5580000,0x00000000d5900000)
  from space 1024K, 81% used [0x00000000d5d80000,0x00000000d5e50000,0x00000000d5e80000)
  to   space 512K, 0% used [0x00000000d5e80000,0x00000000d5e80000,0x00000000d5f00000)
 ParOldGen       total 1200640K, used 1107656K [0x0000000080000000, 0x00000000c9480000, 0x00000000d5580000)
  object space 1200640K, 92% used [0x0000000080000000,0x00000000c39b20a0,0x00000000c9480000)
 Metaspace       used 92004K, committed 93824K, reserved 1179648K
  class space    used 9282K, committed 10112K, reserved 1048576K
}
Event: 1615.518 GC heap before
{Heap before GC invocations=2889 (full 5):
 PSYoungGen      total 4608K, used 4416K [0x00000000d5580000, 0x00000000d5f00000, 0x0000000100000000)
  eden space 3584K, 100% used [0x00000000d5580000,0x00000000d5900000,0x00000000d5900000)
  from space 1024K, 81% used [0x00000000d5d80000,0x00000000d5e50000,0x00000000d5e80000)
  to   space 512K, 0% used [0x00000000d5e80000,0x00000000d5e80000,0x00000000d5f00000)
 ParOldGen       total 1200640K, used 1107656K [0x0000000080000000, 0x00000000c9480000, 0x00000000d5580000)
  object space 1200640K, 92% used [0x0000000080000000,0x00000000c39b20a0,0x00000000c9480000)
 Metaspace       used 92004K, committed 93824K, reserved 1179648K
  class space    used 9282K, committed 10112K, reserved 1048576K
}
Event: 1615.520 GC heap after
{Heap after GC invocations=2889 (full 5):
 PSYoungGen      total 4096K, used 512K [0x00000000d5580000, 0x00000000d5f00000, 0x0000000100000000)
  eden space 3584K, 0% used [0x00000000d5580000,0x00000000d5580000,0x00000000d5900000)
  from space 512K, 100% used [0x00000000d5e80000,0x00000000d5f00000,0x00000000d5f00000)
  to   space 1024K, 0% used [0x00000000d5d00000,0x00000000d5d00000,0x00000000d5e00000)
 ParOldGen       total 1200640K, used 1108088K [0x0000000080000000, 0x00000000c9480000, 0x00000000d5580000)
  object space 1200640K, 92% used [0x0000000080000000,0x00000000c3a1e0d0,0x00000000c9480000)
 Metaspace       used 92004K, committed 93824K, reserved 1179648K
  class space    used 9282K, committed 10112K, reserved 1048576K
}
Event: 1615.799 GC heap before
{Heap before GC invocations=2890 (full 5):
 PSYoungGen      total 4096K, used 4096K [0x00000000d5580000, 0x00000000d5f00000, 0x0000000100000000)
  eden space 3584K, 100% used [0x00000000d5580000,0x00000000d5900000,0x00000000d5900000)
  from space 512K, 100% used [0x00000000d5e80000,0x00000000d5f00000,0x00000000d5f00000)
  to   space 1024K, 0% used [0x00000000d5d00000,0x00000000d5d00000,0x00000000d5e00000)
 ParOldGen       total 1200640K, used 1108088K [0x0000000080000000, 0x00000000c9480000, 0x00000000d5580000)
  object space 1200640K, 92% used [0x0000000080000000,0x00000000c3a1e0d0,0x00000000c9480000)
 Metaspace       used 92005K, committed 93824K, reserved 1179648K
  class space    used 9282K, committed 10112K, reserved 1048576K
}
Event: 1615.801 GC heap after
{Heap after GC invocations=2890 (full 5):
 PSYoungGen      total 4608K, used 512K [0x00000000d5580000, 0x00000000d5f00000, 0x0000000100000000)
  eden space 3584K, 0% used [0x00000000d5580000,0x00000000d5580000,0x00000000d5900000)
  from space 1024K, 50% used [0x00000000d5d00000,0x00000000d5d80000,0x00000000d5e00000)
  to   space 1024K, 0% used [0x00000000d5e00000,0x00000000d5e00000,0x00000000d5f00000)
 ParOldGen       total 1200640K, used 1108589K [0x0000000080000000, 0x00000000c9480000, 0x00000000d5580000)
  object space 1200640K, 92% used [0x0000000080000000,0x00000000c3a9b550,0x00000000c9480000)
 Metaspace       used 92005K, committed 93824K, reserved 1179648K
  class space    used 9282K, committed 10112K, reserved 1048576K
}
Event: 1616.134 GC heap before
{Heap before GC invocations=2891 (full 5):
 PSYoungGen      total 4608K, used 4096K [0x00000000d5580000, 0x00000000d5f00000, 0x0000000100000000)
  eden space 3584K, 100% used [0x00000000d5580000,0x00000000d5900000,0x00000000d5900000)
  from space 1024K, 50% used [0x00000000d5d00000,0x00000000d5d80000,0x00000000d5e00000)
  to   space 1024K, 0% used [0x00000000d5e00000,0x00000000d5e00000,0x00000000d5f00000)
 ParOldGen       total 1200640K, used 1108589K [0x0000000080000000, 0x00000000c9480000, 0x00000000d5580000)
  object space 1200640K, 92% used [0x0000000080000000,0x00000000c3a9b550,0x00000000c9480000)
 Metaspace       used 92009K, committed 93824K, reserved 1179648K
  class space    used 9282K, committed 10112K, reserved 1048576K
}
Event: 1616.137 GC heap after
{Heap after GC invocations=2891 (full 5):
 PSYoungGen      total 4096K, used 400K [0x00000000d5580000, 0x00000000d5e80000, 0x0000000100000000)
  eden space 3584K, 0% used [0x00000000d5580000,0x00000000d5580000,0x00000000d5900000)
  from space 512K, 78% used [0x00000000d5e00000,0x00000000d5e64010,0x00000000d5e80000)
  to   space 512K, 0% used [0x00000000d5d80000,0x00000000d5d80000,0x00000000d5e00000)
 ParOldGen       total 1200640K, used 1108882K [0x0000000080000000, 0x00000000c9480000, 0x00000000d5580000)
  object space 1200640K, 92% used [0x0000000080000000,0x00000000c3ae4b10,0x00000000c9480000)
 Metaspace       used 92009K, committed 93824K, reserved 1179648K
  class space    used 9282K, committed 10112K, reserved 1048576K
}
Event: 1616.185 GC heap before
{Heap before GC invocations=2892 (full 5):
 PSYoungGen      total 4096K, used 3984K [0x00000000d5580000, 0x00000000d5e80000, 0x0000000100000000)
  eden space 3584K, 100% used [0x00000000d5580000,0x00000000d5900000,0x00000000d5900000)
  from space 512K, 78% used [0x00000000d5e00000,0x00000000d5e64010,0x00000000d5e80000)
  to   space 512K, 0% used [0x00000000d5d80000,0x00000000d5d80000,0x00000000d5e00000)
 ParOldGen       total 1200640K, used 1108882K [0x0000000080000000, 0x00000000c9480000, 0x00000000d5580000)
  object space 1200640K, 92% used [0x0000000080000000,0x00000000c3ae4b10,0x00000000c9480000)
 Metaspace       used 92009K, committed 93824K, reserved 1179648K
  class space    used 9282K, committed 10112K, reserved 1048576K
}
Event: 1616.187 GC heap after
{Heap after GC invocations=2892 (full 5):
 PSYoungGen      total 4096K, used 512K [0x00000000d5580000, 0x00000000d5e80000, 0x0000000100000000)
  eden space 3584K, 0% used [0x00000000d5580000,0x00000000d5580000,0x00000000d5900000)
  from space 512K, 100% used [0x00000000d5d80000,0x00000000d5e00000,0x00000000d5e00000)
  to   space 512K, 0% used [0x00000000d5e00000,0x00000000d5e00000,0x00000000d5e80000)
 ParOldGen       total 1200640K, used 1109641K [0x0000000080000000, 0x00000000c9480000, 0x00000000d5580000)
  object space 1200640K, 92% used [0x0000000080000000,0x00000000c3ba2560,0x00000000c9480000)
 Metaspace       used 92009K, committed 93824K, reserved 1179648K
  class space    used 9282K, committed 10112K, reserved 1048576K
}
Event: 1616.197 GC heap before
{Heap before GC invocations=2893 (full 5):
 PSYoungGen      total 4096K, used 4096K [0x00000000d5580000, 0x00000000d5e80000, 0x0000000100000000)
  eden space 3584K, 100% used [0x00000000d5580000,0x00000000d5900000,0x00000000d5900000)
  from space 512K, 100% used [0x00000000d5d80000,0x00000000d5e00000,0x00000000d5e00000)
  to   space 512K, 0% used [0x00000000d5e00000,0x00000000d5e00000,0x00000000d5e80000)
 ParOldGen       total 1200640K, used 1109641K [0x0000000080000000, 0x00000000c9480000, 0x00000000d5580000)
  object space 1200640K, 92% used [0x0000000080000000,0x00000000c3ba2560,0x00000000c9480000)
 Metaspace       used 92009K, committed 93824K, reserved 1179648K
  class space    used 9282K, committed 10112K, reserved 1048576K
}
Event: 1616.201 GC heap after
{Heap after GC invocations=2893 (full 5):
 PSYoungGen      total 4096K, used 512K [0x00000000d5580000, 0x00000000d5e80000, 0x0000000100000000)
  eden space 3584K, 0% used [0x00000000d5580000,0x00000000d5580000,0x00000000d5900000)
  from space 512K, 100% used [0x00000000d5e00000,0x00000000d5e80000,0x00000000d5e80000)
  to   space 2048K, 0% used [0x00000000d5a80000,0x00000000d5a80000,0x00000000d5c80000)
 ParOldGen       total 1200640K, used 1110707K [0x0000000080000000, 0x00000000c9480000, 0x00000000d5580000)
  object space 1200640K, 92% used [0x0000000080000000,0x00000000c3cacc88,0x00000000c9480000)
 Metaspace       used 92009K, committed 93824K, reserved 1179648K
  class space    used 9282K, committed 10112K, reserved 1048576K
}
Event: 1616.330 GC heap before
{Heap before GC invocations=2894 (full 5):
 PSYoungGen      total 4096K, used 4096K [0x00000000d5580000, 0x00000000d5e80000, 0x0000000100000000)
  eden space 3584K, 100% used [0x00000000d5580000,0x00000000d5900000,0x00000000d5900000)
  from space 512K, 100% used [0x00000000d5e00000,0x00000000d5e80000,0x00000000d5e80000)
  to   space 2048K, 0% used [0x00000000d5a80000,0x00000000d5a80000,0x00000000d5c80000)
 ParOldGen       total 1200640K, used 1110707K [0x0000000080000000, 0x00000000c9480000, 0x00000000d5580000)
  object space 1200640K, 92% used [0x0000000080000000,0x00000000c3cacc88,0x00000000c9480000)
 Metaspace       used 92009K, committed 93824K, reserved 1179648K
  class space    used 9282K, committed 10112K, reserved 1048576K
}
Event: 1616.333 GC heap after
{Heap after GC invocations=2894 (full 5):
 PSYoungGen      total 5632K, used 736K [0x00000000d5580000, 0x00000000d5e80000, 0x0000000100000000)
  eden space 3584K, 0% used [0x00000000d5580000,0x00000000d5580000,0x00000000d5900000)
  from space 2048K, 35% used [0x00000000d5a80000,0x00000000d5b38000,0x00000000d5c80000)
  to   space 1536K, 0% used [0x00000000d5d00000,0x00000000d5d00000,0x00000000d5e80000)
 ParOldGen       total 1200640K, used 1111247K [0x0000000080000000, 0x00000000c9480000, 0x00000000d5580000)
  object space 1200640K, 92% used [0x0000000080000000,0x00000000c3d33c98,0x00000000c9480000)
 Metaspace       used 92009K, committed 93824K, reserved 1179648K
  class space    used 9282K, committed 10112K, reserved 1048576K
}
Event: 1616.596 GC heap before
{Heap before GC invocations=2895 (full 5):
 PSYoungGen      total 5632K, used 4320K [0x00000000d5580000, 0x00000000d5e80000, 0x0000000100000000)
  eden space 3584K, 100% used [0x00000000d5580000,0x00000000d5900000,0x00000000d5900000)
  from space 2048K, 35% used [0x00000000d5a80000,0x00000000d5b38000,0x00000000d5c80000)
  to   space 1536K, 0% used [0x00000000d5d00000,0x00000000d5d00000,0x00000000d5e80000)
 ParOldGen       total 1200640K, used 1111247K [0x0000000080000000, 0x00000000c9480000, 0x00000000d5580000)
  object space 1200640K, 92% used [0x0000000080000000,0x00000000c3d33c98,0x00000000c9480000)
 Metaspace       used 92009K, committed 93824K, reserved 1179648K
  class space    used 9282K, committed 10112K, reserved 1048576K
}
Event: 1616.600 GC heap after
{Heap after GC invocations=2895 (full 5):
 PSYoungGen      total 4608K, used 848K [0x00000000d5580000, 0x00000000d5e00000, 0x0000000100000000)
  eden space 3584K, 0% used [0x00000000d5580000,0x00000000d5580000,0x00000000d5900000)
  from space 1024K, 82% used [0x00000000d5d00000,0x00000000d5dd4010,0x00000000d5e00000)
  to   space 1024K, 0% used [0x00000000d5c00000,0x00000000d5c00000,0x00000000d5d00000)
 ParOldGen       total 1200640K, used 1111680K [0x0000000080000000, 0x00000000c9480000, 0x00000000d5580000)
  object space 1200640K, 92% used [0x0000000080000000,0x00000000c3da0278,0x00000000c9480000)
 Metaspace       used 92009K, committed 93824K, reserved 1179648K
  class space    used 9282K, committed 10112K, reserved 1048576K
}
Event: 1616.609 GC heap before
{Heap before GC invocations=2896 (full 5):
 PSYoungGen      total 4608K, used 4432K [0x00000000d5580000, 0x00000000d5e00000, 0x0000000100000000)
  eden space 3584K, 100% used [0x00000000d5580000,0x00000000d5900000,0x00000000d5900000)
  from space 1024K, 82% used [0x00000000d5d00000,0x00000000d5dd4010,0x00000000d5e00000)
  to   space 1024K, 0% used [0x00000000d5c00000,0x00000000d5c00000,0x00000000d5d00000)
 ParOldGen       total 1200640K, used 1111680K [0x0000000080000000, 0x00000000c9480000, 0x00000000d5580000)
  object space 1200640K, 92% used [0x0000000080000000,0x00000000c3da0278,0x00000000c9480000)
 Metaspace       used 92009K, committed 93824K, reserved 1179648K
  class space    used 9282K, committed 10112K, reserved 1048576K
}
Event: 1616.612 GC heap after
{Heap after GC invocations=2896 (full 5):
 PSYoungGen      total 4608K, used 1024K [0x00000000d5580000, 0x00000000d5d80000, 0x0000000100000000)
  eden space 3584K, 0% used [0x00000000d5580000,0x00000000d5580000,0x00000000d5900000)
  from space 1024K, 100% used [0x00000000d5c00000,0x00000000d5d00000,0x00000000d5d00000)
  to   space 512K, 0% used [0x00000000d5d00000,0x00000000d5d00000,0x00000000d5d80000)
 ParOldGen       total 1200640K, used 1111756K [0x0000000080000000, 0x00000000c9480000, 0x00000000d5580000)
  object space 1200640K, 92% used [0x0000000080000000,0x00000000c3db3288,0x00000000c9480000)
 Metaspace       used 92009K, committed 93824K, reserved 1179648K
  class space    used 9282K, committed 10112K, reserved 1048576K
}

