# JRE version: OpenJDK Runtime Environment Temurin-21.0.10+7 (21.0.10+7) (build 21.0.10+7-LTS)
# Java VM: OpenJDK 64-Bit Server VM Temurin-21.0.10+7 (21.0.10+7-LTS, mixed mode, sharing, tiered, compressed oops, compressed class ptrs, parallel gc, windows-amd64)
GC Precious Log:
 CardTable entry size: 512
 CPUs: 12 total, 12 available
 Memory: 7472M
 Large Page Support: Disabled
 NUMA Support: Disabled
 Compressed Oops: Enabled (32-bit)
 Alignments: Space 512K, Generation 512K, Heap 2M
 Heap Min Capacity: 100M
 Heap Initial Capacity: 100M
 Heap Max Capacity: 2G
 Pre-touch: Disabled
 Parallel Workers: 10
Heap:
 PSYoungGen      total 5120K, used 3821K [0x00000000d5580000, 0x00000000d5d00000, 0x0000000100000000)
  eden space 4096K, 72% used [0x00000000d5580000,0x00000000d586a8d0,0x00000000d5980000)
  from space 1024K, 82% used [0x00000000d5c00000,0x00000000d5cd4010,0x00000000d5d00000)
  to   space 1024K, 0% used [0x00000000d5b00000,0x00000000d5b00000,0x00000000d5c00000)
 ParOldGen       total 755712K, used 478396K [0x0000000080000000, 0x00000000ae200000, 0x00000000d5580000)
  object space 755712K, 63% used [0x0000000080000000,0x000000009d32f320,0x00000000ae200000)
 Metaspace       used 96951K, committed 98816K, reserved 1179648K
  class space    used 9916K, committed 10816K, reserved 1048576K
GC Heap History (20 events):
Event: 693.997 GC heap before
{Heap before GC invocations=2777 (full 6):
 PSYoungGen      total 4608K, used 4448K [0x00000000d5580000, 0x00000000d5f00000, 0x0000000100000000)
  eden space 4096K, 100% used [0x00000000d5580000,0x00000000d5980000,0x00000000d5980000)
  from space 512K, 68% used [0x00000000d5e80000,0x00000000d5ed8000,0x00000000d5f00000)
  to   space 2048K, 0% used [0x00000000d5b00000,0x00000000d5b00000,0x00000000d5d00000)
 ParOldGen       total 755712K, used 474019K [0x0000000080000000, 0x00000000ae200000, 0x00000000d5580000)
  object space 755712K, 62% used [0x0000000080000000,0x000000009cee8c10,0x00000000ae200000)
 Metaspace       used 96938K, committed 98816K, reserved 1179648K
  class space    used 9916K, committed 10816K, reserved 1048576K
}
Event: 693.998 GC heap after
{Heap after GC invocations=2777 (full 6):
 PSYoungGen      total 6144K, used 480K [0x00000000d5580000, 0x00000000d5f00000, 0x0000000100000000)
  eden space 4096K, 0% used [0x00000000d5580000,0x00000000d5580000,0x00000000d5980000)
  from space 2048K, 23% used [0x00000000d5b00000,0x00000000d5b78000,0x00000000d5d00000)
  to   space 1024K, 0% used [0x00000000d5e00000,0x00000000d5e00000,0x00000000d5f00000)
 ParOldGen       total 755712K, used 474184K [0x0000000080000000, 0x00000000ae200000, 0x00000000d5580000)
  object space 755712K, 62% used [0x0000000080000000,0x000000009cf12020,0x00000000ae200000)
 Metaspace       used 96938K, committed 98816K, reserved 1179648K
  class space    used 9916K, committed 10816K, reserved 1048576K
}
Event: 694.339 GC heap before
{Heap before GC invocations=2778 (full 6):
 PSYoungGen      total 6144K, used 4553K [0x00000000d5580000, 0x00000000d5f00000, 0x0000000100000000)
  eden space 4096K, 99% used [0x00000000d5580000,0x00000000d597a640,0x00000000d5980000)
  from space 2048K, 23% used [0x00000000d5b00000,0x00000000d5b78000,0x00000000d5d00000)
  to   space 1024K, 0% used [0x00000000d5e00000,0x00000000d5e00000,0x00000000d5f00000)
 ParOldGen       total 755712K, used 474184K [0x0000000080000000, 0x00000000ae200000, 0x00000000d5580000)
  object space 755712K, 62% used [0x0000000080000000,0x000000009cf12020,0x00000000ae200000)
 Metaspace       used 96939K, committed 98816K, reserved 1179648K
  class space    used 9916K, committed 10816K, reserved 1048576K
}
Event: 694.340 GC heap after
{Heap after GC invocations=2778 (full 6):
 PSYoungGen      total 5120K, used 685K [0x00000000d5580000, 0x00000000d5f00000, 0x0000000100000000)
  eden space 4096K, 0% used [0x00000000d5580000,0x00000000d5580000,0x00000000d5980000)
  from space 1024K, 66% used [0x00000000d5e00000,0x00000000d5eab7d0,0x00000000d5f00000)
  to   space 1024K, 0% used [0x00000000d5d00000,0x00000000d5d00000,0x00000000d5e00000)
 ParOldGen       total 755712K, used 474509K [0x0000000080000000, 0x00000000ae200000, 0x00000000d5580000)
  object space 755712K, 62% used [0x0000000080000000,0x000000009cf63420,0x00000000ae200000)
 Metaspace       used 96939K, committed 98816K, reserved 1179648K
  class space    used 9916K, committed 10816K, reserved 1048576K
}
Event: 694.464 GC heap before
{Heap before GC invocations=2779 (full 6):
 PSYoungGen      total 5120K, used 4781K [0x00000000d5580000, 0x00000000d5f00000, 0x0000000100000000)
  eden space 4096K, 100% used [0x00000000d5580000,0x00000000d5980000,0x00000000d5980000)
  from space 1024K, 66% used [0x00000000d5e00000,0x00000000d5eab7d0,0x00000000d5f00000)
  to   space 1024K, 0% used [0x00000000d5d00000,0x00000000d5d00000,0x00000000d5e00000)
 ParOldGen       total 755712K, used 474509K [0x0000000080000000, 0x00000000ae200000, 0x00000000d5580000)
  object space 755712K, 62% used [0x0000000080000000,0x000000009cf63420,0x00000000ae200000)
 Metaspace       used 96941K, committed 98816K, reserved 1179648K
  class space    used 9916K, committed 10816K, reserved 1048576K
}
Event: 694.466 GC heap after
{Heap after GC invocations=2779 (full 6):
 PSYoungGen      total 5120K, used 998K [0x00000000d5580000, 0x00000000d5e80000, 0x0000000100000000)
  eden space 4096K, 0% used [0x00000000d5580000,0x00000000d5580000,0x00000000d5980000)
  from space 1024K, 97% used [0x00000000d5d00000,0x00000000d5df9860,0x00000000d5e00000)
  to   space 512K, 0% used [0x00000000d5e00000,0x00000000d5e00000,0x00000000d5e80000)
 ParOldGen       total 755712K, used 474589K [0x0000000080000000, 0x00000000ae200000, 0x00000000d5580000)
  object space 755712K, 62% used [0x0000000080000000,0x000000009cf77420,0x00000000ae200000)
 Metaspace       used 96941K, committed 98816K, reserved 1179648K
  class space    used 9916K, committed 10816K, reserved 1048576K
}
Event: 694.498 GC heap before
{Heap before GC invocations=2780 (full 6):
 PSYoungGen      total 5120K, used 5094K [0x00000000d5580000, 0x00000000d5e80000, 0x0000000100000000)
  eden space 4096K, 100% used [0x00000000d5580000,0x00000000d5980000,0x00000000d5980000)
  from space 1024K, 97% used [0x00000000d5d00000,0x00000000d5df9860,0x00000000d5e00000)
  to   space 512K, 0% used [0x00000000d5e00000,0x00000000d5e00000,0x00000000d5e80000)
 ParOldGen       total 755712K, used 474589K [0x0000000080000000, 0x00000000ae200000, 0x00000000d5580000)
  object space 755712K, 62% used [0x0000000080000000,0x000000009cf77420,0x00000000ae200000)
 Metaspace       used 96943K, committed 98816K, reserved 1179648K
  class space    used 9916K, committed 10816K, reserved 1048576K
}
Event: 694.498 GC heap after
{Heap after GC invocations=2780 (full 6):
 PSYoungGen      total 4608K, used 320K [0x00000000d5580000, 0x00000000d5e80000, 0x0000000100000000)
  eden space 4096K, 0% used [0x00000000d5580000,0x00000000d5580000,0x00000000d5980000)
  from space 512K, 62% used [0x00000000d5e00000,0x00000000d5e50000,0x00000000d5e80000)
  to   space 1024K, 0% used [0x00000000d5c80000,0x00000000d5c80000,0x00000000d5d80000)
 ParOldGen       total 755712K, used 474677K [0x0000000080000000, 0x00000000ae200000, 0x00000000d5580000)
  object space 755712K, 62% used [0x0000000080000000,0x000000009cf8d420,0x00000000ae200000)
 Metaspace       used 96943K, committed 98816K, reserved 1179648K
  class space    used 9916K, committed 10816K, reserved 1048576K
}
Event: 694.528 GC heap before
{Heap before GC invocations=2781 (full 6):
 PSYoungGen      total 4608K, used 4416K [0x00000000d5580000, 0x00000000d5e80000, 0x0000000100000000)
  eden space 4096K, 100% used [0x00000000d5580000,0x00000000d5980000,0x00000000d5980000)
  from space 512K, 62% used [0x00000000d5e00000,0x00000000d5e50000,0x00000000d5e80000)
  to   space 1024K, 0% used [0x00000000d5c80000,0x00000000d5c80000,0x00000000d5d80000)
 ParOldGen       total 755712K, used 474677K [0x0000000080000000, 0x00000000ae200000, 0x00000000d5580000)
  object space 755712K, 62% used [0x0000000080000000,0x000000009cf8d420,0x00000000ae200000)
 Metaspace       used 96943K, committed 98816K, reserved 1179648K
  class space    used 9916K, committed 10816K, reserved 1048576K
}
Event: 694.530 GC heap after
{Heap after GC invocations=2781 (full 6):
 PSYoungGen      total 5120K, used 928K [0x00000000d5580000, 0x00000000d5e80000, 0x0000000100000000)
  eden space 4096K, 0% used [0x00000000d5580000,0x00000000d5580000,0x00000000d5980000)
  from space 1024K, 90% used [0x00000000d5c80000,0x00000000d5d68000,0x00000000d5d80000)
  to   space 1024K, 0% used [0x00000000d5d80000,0x00000000d5d80000,0x00000000d5e80000)
 ParOldGen       total 755712K, used 474749K [0x0000000080000000, 0x00000000ae200000, 0x00000000d5580000)
  object space 755712K, 62% used [0x0000000080000000,0x000000009cf9f420,0x00000000ae200000)
 Metaspace       used 96943K, committed 98816K, reserved 1179648K
  class space    used 9916K, committed 10816K, reserved 1048576K
}
Event: 694.544 GC heap before
{Heap before GC invocations=2782 (full 6):
 PSYoungGen      total 5120K, used 5024K [0x00000000d5580000, 0x00000000d5e80000, 0x0000000100000000)
  eden space 4096K, 100% used [0x00000000d5580000,0x00000000d5980000,0x00000000d5980000)
  from space 1024K, 90% used [0x00000000d5c80000,0x00000000d5d68000,0x00000000d5d80000)
  to   space 1024K, 0% used [0x00000000d5d80000,0x00000000d5d80000,0x00000000d5e80000)
 ParOldGen       total 755712K, used 474749K [0x0000000080000000, 0x00000000ae200000, 0x00000000d5580000)
  object space 755712K, 62% used [0x0000000080000000,0x000000009cf9f420,0x00000000ae200000)
 Metaspace       used 96949K, committed 98816K, reserved 1179648K
  class space    used 9916K, committed 10816K, reserved 1048576K
}
Event: 694.546 GC heap after
{Heap after GC invocations=2782 (full 6):
 PSYoungGen      total 5120K, used 1024K [0x00000000d5580000, 0x00000000d5e80000, 0x0000000100000000)
  eden space 4096K, 0% used [0x00000000d5580000,0x00000000d5580000,0x00000000d5980000)
  from space 1024K, 100% used [0x00000000d5d80000,0x00000000d5e80000,0x00000000d5e80000)
  to   space 2560K, 0% used [0x00000000d5980000,0x00000000d5980000,0x00000000d5c00000)
 ParOldGen       total 755712K, used 475771K [0x0000000080000000, 0x00000000ae200000, 0x00000000d5580000)
  object space 755712K, 62% used [0x0000000080000000,0x000000009d09ee70,0x00000000ae200000)
 Metaspace       used 96949K, committed 98816K, reserved 1179648K
  class space    used 9916K, committed 10816K, reserved 1048576K
}
Event: 694.615 GC heap before
{Heap before GC invocations=2783 (full 6):
 PSYoungGen      total 5120K, used 5119K [0x00000000d5580000, 0x00000000d5e80000, 0x0000000100000000)
  eden space 4096K, 99% used [0x00000000d5580000,0x00000000d597ffd0,0x00000000d5980000)
  from space 1024K, 100% used [0x00000000d5d80000,0x00000000d5e80000,0x00000000d5e80000)
  to   space 2560K, 0% used [0x00000000d5980000,0x00000000d5980000,0x00000000d5c00000)
 ParOldGen       total 755712K, used 475771K [0x0000000080000000, 0x00000000ae200000, 0x00000000d5580000)
  object space 755712K, 62% used [0x0000000080000000,0x000000009d09ee70,0x00000000ae200000)
 Metaspace       used 96949K, committed 98816K, reserved 1179648K
  class space    used 9916K, committed 10816K, reserved 1048576K
}
Event: 694.618 GC heap after
{Heap after GC invocations=2783 (full 6):
 PSYoungGen      total 6656K, used 736K [0x00000000d5580000, 0x00000000d5e00000, 0x0000000100000000)
  eden space 4096K, 0% used [0x00000000d5580000,0x00000000d5580000,0x00000000d5980000)
  from space 2560K, 28% used [0x00000000d5980000,0x00000000d5a38000,0x00000000d5c00000)
  to   space 1536K, 0% used [0x00000000d5c80000,0x00000000d5c80000,0x00000000d5e00000)
 ParOldGen       total 755712K, used 476832K [0x0000000080000000, 0x00000000ae200000, 0x00000000d5580000)
  object space 755712K, 63% used [0x0000000080000000,0x000000009d1a82f0,0x00000000ae200000)
 Metaspace       used 96949K, committed 98816K, reserved 1179648K
  class space    used 9916K, committed 10816K, reserved 1048576K
}
Event: 694.631 GC heap before
{Heap before GC invocations=2784 (full 6):
 PSYoungGen      total 6656K, used 4832K [0x00000000d5580000, 0x00000000d5e00000, 0x0000000100000000)
  eden space 4096K, 100% used [0x00000000d5580000,0x00000000d5980000,0x00000000d5980000)
  from space 2560K, 28% used [0x00000000d5980000,0x00000000d5a38000,0x00000000d5c00000)
  to   space 1536K, 0% used [0x00000000d5c80000,0x00000000d5c80000,0x00000000d5e00000)
 ParOldGen       total 755712K, used 476832K [0x0000000080000000, 0x00000000ae200000, 0x00000000d5580000)
  object space 755712K, 63% used [0x0000000080000000,0x000000009d1a82f0,0x00000000ae200000)
 Metaspace       used 96951K, committed 98816K, reserved 1179648K
  class space    used 9916K, committed 10816K, reserved 1048576K
}
Event: 694.632 GC heap after
{Heap after GC invocations=2784 (full 6):
 PSYoungGen      total 4608K, used 288K [0x00000000d5580000, 0x00000000d5d00000, 0x0000000100000000)
  eden space 4096K, 0% used [0x00000000d5580000,0x00000000d5580000,0x00000000d5980000)
  from space 512K, 56% used [0x00000000d5c80000,0x00000000d5cc8000,0x00000000d5d00000)
  to   space 1024K, 0% used [0x00000000d5b00000,0x00000000d5b00000,0x00000000d5c00000)
 ParOldGen       total 755712K, used 477476K [0x0000000080000000, 0x00000000ae200000, 0x00000000d5580000)
  object space 755712K, 63% used [0x0000000080000000,0x000000009d249310,0x00000000ae200000)
 Metaspace       used 96951K, committed 98816K, reserved 1179648K
  class space    used 9916K, committed 10816K, reserved 1048576K
}
Event: 694.772 GC heap before
{Heap before GC invocations=2785 (full 6):
 PSYoungGen      total 4608K, used 4384K [0x00000000d5580000, 0x00000000d5d00000, 0x0000000100000000)
  eden space 4096K, 100% used [0x00000000d5580000,0x00000000d5980000,0x00000000d5980000)
  from space 512K, 56% used [0x00000000d5c80000,0x00000000d5cc8000,0x00000000d5d00000)
  to   space 1024K, 0% used [0x00000000d5b00000,0x00000000d5b00000,0x00000000d5c00000)
 ParOldGen       total 755712K, used 477476K [0x0000000080000000, 0x00000000ae200000, 0x00000000d5580000)
  object space 755712K, 63% used [0x0000000080000000,0x000000009d249310,0x00000000ae200000)
 Metaspace       used 96951K, committed 98816K, reserved 1179648K
  class space    used 9916K, committed 10816K, reserved 1048576K
}
Event: 694.773 GC heap after
{Heap after GC invocations=2785 (full 6):
 PSYoungGen      total 5120K, used 992K [0x00000000d5580000, 0x00000000d5d00000, 0x0000000100000000)
  eden space 4096K, 0% used [0x00000000d5580000,0x00000000d5580000,0x00000000d5980000)
  from space 1024K, 96% used [0x00000000d5b00000,0x00000000d5bf8000,0x00000000d5c00000)
  to   space 1024K, 0% used [0x00000000d5c00000,0x00000000d5c00000,0x00000000d5d00000)
 ParOldGen       total 755712K, used 477540K [0x0000000080000000, 0x00000000ae200000, 0x00000000d5580000)
  object space 755712K, 63% used [0x0000000080000000,0x000000009d259310,0x00000000ae200000)
 Metaspace       used 96951K, committed 98816K, reserved 1179648K
  class space    used 9916K, committed 10816K, reserved 1048576K
}
Event: 694.788 GC heap before
{Heap before GC invocations=2786 (full 6):
 PSYoungGen      total 5120K, used 5087K [0x00000000d5580000, 0x00000000d5d00000, 0x0000000100000000)
  eden space 4096K, 99% used [0x00000000d5580000,0x00000000d597ffe8,0x00000000d5980000)
  from space 1024K, 96% used [0x00000000d5b00000,0x00000000d5bf8000,0x00000000d5c00000)
  to   space 1024K, 0% used [0x00000000d5c00000,0x00000000d5c00000,0x00000000d5d00000)
 ParOldGen       total 755712K, used 477540K [0x0000000080000000, 0x00000000ae200000, 0x00000000d5580000)
  object space 755712K, 63% used [0x0000000080000000,0x000000009d259310,0x00000000ae200000)
 Metaspace       used 96951K, committed 98816K, reserved 1179648K
  class space    used 9916K, committed 10816K, reserved 1048576K
}
Event: 694.791 GC heap after
{Heap after GC invocations=2786 (full 6):
 PSYoungGen      total 5120K, used 848K [0x00000000d5580000, 0x00000000d5d00000, 0x0000000100000000)
  eden space 4096K, 0% used [0x00000000d5580000,0x00000000d5580000,0x00000000d5980000)
  from space 1024K, 82% used [0x00000000d5c00000,0x00000000d5cd4010,0x00000000d5d00000)
  to   space 1024K, 0% used [0x00000000d5b00000,0x00000000d5b00000,0x00000000d5c00000)
 ParOldGen       total 755712K, used 478396K [0x0000000080000000, 0x00000000ae200000, 0x00000000d5580000)
  object space 755712K, 63% used [0x0000000080000000,0x000000009d32f320,0x00000000ae200000)
 Metaspace       used 96951K, committed 98816K, reserved 1179648K
  class space    used 9916K, committed 10816K, reserved 1048576K
}

